0	1	mikroCPIC1618.exe -MSF -DBG -pP18F87K22 -RA -DL -O11111114 -fo64 -N"D:\Clicks_git\Accel_6_Click\SW\example\c\PIC\Click_Accel6_PIC.mcppi" -SP"C:\Users\Public\Documents\Mikroelektronika\mikroC PRO for PIC\Defs\" -SP"C:\Users\Public\Documents\Mikroelektronika\mikroC PRO for PIC\uses\P18\" -SP"D:\Clicks_git\Accel_6_Click\SW\example\c\PIC\" -SP"D:\Clicks_git\Accel_6_Click\SW\library\HAL\" -SP"D:\Clicks_git\Accel_6_Click\SW\library\" -SP"C:\Users\Public\Documents\Mikroelektronika\mikroC PRO for PIC\Packages\mikroBUS Board Definition API\Uses\" -IP"C:\Users\Public\Documents\Mikroelektronika\mikroC PRO for PIC\uses\P18\" -IP"D:\Clicks_git\Accel_6_Click\SW\example\c\PIC\" -IP"D:\Clicks_git\Accel_6_Click\SW\library\" -IP"D:\Clicks_git\Accel_6_Click\SW\library\HAL\" -IP"C:\Users\Public\Documents\Mikroelektronika\mikroC PRO for PIC\Packages\mikroBUS Board Definition API\Uses\" "Click_Accel6_PIC.c" "__accel6_Driver.c" "__Lib_Math.mcl" "__Lib_MathDouble.mcl" "__Lib_System.mcl" "__Lib_Delays.mcl" "__Lib_CString.mcl" "__Lib_Conversions.mcl" "__Lib_I2C_c34d65_k22_k90.mcl" "__Lib_UART_c67g12.mcl" "easypicpro_v7_P18F87K22.mcl" "Click_Accel6.pld"	 
hint: 0	1139	Available RAM: 3841 [bytes], Available ROM: 131072 [bytes]	 
diagnostics: 0	122	Compilation Started	P18F87K22.c
diagnostics: 3486	123	Compiled Successfully	P18F87K22.c
diagnostics: 0	122	Compilation Started	__Lib_Delays.c
diagnostics: 172	123	Compiled Successfully	__Lib_Delays.c
diagnostics: 0	122	Compilation Started	stdint.h
warning: 17	1509	Generated baud rate is 4808 bps (error = 0.17 percent)	__epp_18f87k22_log.c
warning: 18	1509	Generated baud rate is 9615 bps (error = 0.16 percent)	__epp_18f87k22_log.c
warning: 19	1509	Generated baud rate is 19231 bps (error = 0.16 percent)	__epp_18f87k22_log.c
warning: 20	1509	Generated baud rate is 38462 bps (error = 0.16 percent)	__epp_18f87k22_log.c
warning: 21	1509	Generated baud rate is 57971 bps (error = 0.64 percent)	__epp_18f87k22_log.c
warning: 22	1509	Generated baud rate is 114286 bps (error = 0.79 percent)	__epp_18f87k22_log.c
warning: 33	1509	Generated baud rate is 4808 bps (error = 0.17 percent)	__epp_18f87k22_log.c
warning: 34	1509	Generated baud rate is 9615 bps (error = 0.16 percent)	__epp_18f87k22_log.c
warning: 35	1509	Generated baud rate is 19231 bps (error = 0.16 percent)	__epp_18f87k22_log.c
warning: 36	1509	Generated baud rate is 38462 bps (error = 0.16 percent)	__epp_18f87k22_log.c
warning: 37	1509	Generated baud rate is 57971 bps (error = 0.64 percent)	__epp_18f87k22_log.c
warning: 38	1509	Generated baud rate is 114286 bps (error = 0.79 percent)	__epp_18f87k22_log.c
warning: 65	1509	Generated baud rate is 4808 bps (error = 0.17 percent)	__epp_18f87k22_log.c
warning: 66	1509	Generated baud rate is 9615 bps (error = 0.16 percent)	__epp_18f87k22_log.c
warning: 67	1509	Generated baud rate is 19231 bps (error = 0.16 percent)	__epp_18f87k22_log.c
warning: 68	1509	Generated baud rate is 38462 bps (error = 0.16 percent)	__epp_18f87k22_log.c
warning: 69	1509	Generated baud rate is 57971 bps (error = 0.64 percent)	__epp_18f87k22_log.c
warning: 70	1509	Generated baud rate is 114286 bps (error = 0.79 percent)	__epp_18f87k22_log.c
diagnostics: 349	123	Compiled Successfully	easypicpro_v7_P18F87K22.c
diagnostics: 0	122	Compilation Started	stdint.h
error: 50	324	Undeclared identifier 'accel6_i2cDriverInit' in expression	Click_Accel6_PIC.c
error: 50	317	Operator '' is not applicable to these operands ''	Click_Accel6_PIC.c
error: 50	402	; expected, but ')' found	Click_Accel6_PIC.c
error: 50	424	'}' expected ';' found	Click_Accel6_PIC.c
error: 60	324	Undeclared identifier 'accel6_getAxis' in expression	Click_Accel6_PIC.c
error: 66	324	Undeclared identifier 'accel6_getAxis' in expression	Click_Accel6_PIC.c
error: 72	324	Undeclared identifier 'accel6_getAxis' in expression	Click_Accel6_PIC.c
error: 78	324	Undeclared identifier 'accel6_getTemperature' in expression	Click_Accel6_PIC.c
error: 83	324	Undeclared identifier 'accel6_getOrient' in expression	Click_Accel6_PIC.c
error: 131	324	Undeclared identifier 'accel6_getTapStatus' in expression	Click_Accel6_PIC.c
diagnostics: 0	122	Compilation Started	stdint.h
hint: 559	1163	Variable 'tapAxis' has been declared, but not used	__accel6_Driver.c
hint: 599	1163	Variable 'slopeAxis' has been declared, but not used	__accel6_Driver.c
diagnostics: 691	123	Compiled Successfully	__accel6_Driver.c
hint: 323	1164	Variable 'tmp' has been eliminated by optimizer	__accel6_Driver.c
hint: 95	1164	Variable 'tmp' has been eliminated by optimizer	__accel6_Driver.c
hint: 528	1164	Variable 'offsetX' has been eliminated by optimizer	__accel6_Driver.c
hint: 530	1164	Variable 'offsetZ' has been eliminated by optimizer	__accel6_Driver.c
hint: 671	1164	Variable 'axisData' has been eliminated by optimizer	__accel6_Driver.c
hint: 672	1164	Variable 'fAxis' has been eliminated by optimizer	__accel6_Driver.c
hint: 685	1164	Variable 'fTemp' has been eliminated by optimizer	__accel6_Driver.c
error: 0	102	Finished (with errors): 23 maj 2018, 10:40:52	Click_Accel6_PIC.mcppi
